[STOP] *
[STOP] **
[STOP] ***
[STOP] **
[STOP] *
[MOVE] 
[STOP] *
[STOP] **
[STOP] ***
[STOP] **
[STOP] ***
[STOP] **
[STOP] *
[STOP] **
[STOP] *
[MOVE] 
[MOVE] 
[MOVE] 
[STOP] *
[STOP] **
[STOP] ***
[STOP] **
[STOP] *
[STOP] **
[STOP] ***
[STOP] **
[STOP] *
[STOP] **
[STOP] *
[MOVE] 
[STOP] *
[STOP] **
[STOP] *
[MOVE] 
[MOVE] 
[STOP] *
[MOVE] 
[STOP] *
[STOP] **
[STOP] ***
[STOP] ****
[STOP] ***
[STOP] ****
[STOP] *****
[STOP] ******
[STOP] *******
[STOP] ******
[STOP] *****
[STOP] ****
[STOP] *****
[STOP] ****
[STOP] ***
[STOP] ****
[STOP] *****
[STOP] ******
[STOP] *******
[STOP] ******
[STOP] *******
[STOP] ******
[STOP] *****
[STOP] ******
[STOP] *******
[STOP] ******
[STOP] *****
[STOP] ****
[STOP] ***
[STOP] **
[STOP] ***
[STOP] ****
[STOP] ***
[STOP] **
[STOP] *
[MOVE] 
[MOVE] 
[STOP] *
[MOVE] 
[MOVE] 
[STOP] *
[STOP] **
[STOP] *
[MOVE] 
[MOVE] 
[STOP] *
[STOP] **
[STOP] ***
[STOP] **
[STOP] ***
[STOP] ****
[STOP] ***
[STOP] **
[STOP] ***
[STOP] ****
[STOP] *****
[STOP] ******
[STOP] *****
[STOP] ****
[STOP] *****
[STOP] ****
[STOP] ***
[STOP] ****
[STOP] *****
[STOP] ******
[STOP] *******
[STOP] ********
[STOP] *********
[STOP] **********
[STOP] ***********
[STOP] ************
[STOP] *************
[STOP] **************
[STOP] ***************
[STOP] ****************
[STOP] ***************
[STOP] ****************
[STOP] *****************
[STOP] ******************
[STOP] *****************
[STOP] ******************
[STOP] *****************
[STOP] ******************
[STOP] *******************
[STOP] ********************
[STOP] *********************
[STOP] *********************
[STOP] *********************
[STOP] *********************
[STOP] *********************
[STOP] *********************
[STOP] ********************
[STOP] *********************
[STOP] *********************
[STOP] *********************
[STOP] *********************
[STOP] *********************
[STOP] ********************
[STOP] *******************
[STOP] ********************
[STOP] *********************
[STOP] ********************
[STOP] *********************
[STOP] *********************
[STOP] *********************
[STOP] *********************
[STOP] *********************
[STOP] *********************
[STOP] ********************
[STOP] *******************
[STOP] ******************
[STOP] *******************
[STOP] ********************
[STOP] *********************
[STOP] *********************
[STOP] *********************
[STOP] ********************
[STOP] *********************
[STOP] *********************
[STOP] *********************
[STOP] *********************
[STOP] ********************
[STOP] *******************
[STOP] ********************
[STOP] *********************
[STOP] *********************
[STOP] *********************
[STOP] *********************
[STOP] *********************
[STOP] *********************
[STOP] *********************
[STOP] *********************
[STOP] *********************
[STOP] *********************
[STOP] *********************
[STOP] ********************
[STOP] *******************
[STOP] ******************
[STOP] *******************
[STOP] ******************
[STOP] *****************
[STOP] ******************
[STOP] *******************
[STOP] ********************
[STOP] *********************
